&&&& RUNNING TensorRT.trtexec [TensorRT v8501] # trtexec --loadEngine=sample.engine --verbose --dumpOutput --dumpProfile --dumpLayerInfo --exportOutput=log/sample/infer/infer_output.log --exportProfile=log/sample/infer/infer_profile.log --exportLayerInfo=log/sample/infer/infer_layer_info.log --warmUp=0 --iterations=50
[05/24/2023-23:13:27] [I] === Model Options ===
[05/24/2023-23:13:27] [I] Format: *
[05/24/2023-23:13:27] [I] Model: 
[05/24/2023-23:13:27] [I] Output:
[05/24/2023-23:13:27] [I] === Build Options ===
[05/24/2023-23:13:27] [I] Max batch: 1
[05/24/2023-23:13:27] [I] Memory Pools: workspace: default, dlaSRAM: default, dlaLocalDRAM: default, dlaGlobalDRAM: default
[05/24/2023-23:13:27] [I] minTiming: 1
[05/24/2023-23:13:27] [I] avgTiming: 8
[05/24/2023-23:13:27] [I] Precision: FP32
[05/24/2023-23:13:27] [I] LayerPrecisions: 
[05/24/2023-23:13:27] [I] Calibration: 
[05/24/2023-23:13:27] [I] Refit: Disabled
[05/24/2023-23:13:27] [I] Sparsity: Disabled
[05/24/2023-23:13:27] [I] Safe mode: Disabled
[05/24/2023-23:13:27] [I] DirectIO mode: Disabled
[05/24/2023-23:13:27] [I] Restricted mode: Disabled
[05/24/2023-23:13:27] [I] Build only: Disabled
[05/24/2023-23:13:27] [I] Save engine: 
[05/24/2023-23:13:27] [I] Load engine: sample.engine
[05/24/2023-23:13:27] [I] Profiling verbosity: 0
[05/24/2023-23:13:27] [I] Tactic sources: Using default tactic sources
[05/24/2023-23:13:27] [I] timingCacheMode: local
[05/24/2023-23:13:27] [I] timingCacheFile: 
[05/24/2023-23:13:27] [I] Heuristic: Disabled
[05/24/2023-23:13:27] [I] Preview Features: Use default preview flags.
[05/24/2023-23:13:27] [I] Input(s)s format: fp32:CHW
[05/24/2023-23:13:27] [I] Output(s)s format: fp32:CHW
[05/24/2023-23:13:27] [I] Input build shapes: model
[05/24/2023-23:13:27] [I] Input calibration shapes: model
[05/24/2023-23:13:27] [I] === System Options ===
[05/24/2023-23:13:27] [I] Device: 0
[05/24/2023-23:13:27] [I] DLACore: 
[05/24/2023-23:13:27] [I] Plugins:
[05/24/2023-23:13:27] [I] === Inference Options ===
[05/24/2023-23:13:27] [I] Batch: 1
[05/24/2023-23:13:27] [I] Input inference shapes: model
[05/24/2023-23:13:27] [I] Iterations: 50
[05/24/2023-23:13:27] [I] Duration: 3s (+ 0ms warm up)
[05/24/2023-23:13:27] [I] Sleep time: 0ms
[05/24/2023-23:13:27] [I] Idle time: 0ms
[05/24/2023-23:13:27] [I] Streams: 1
[05/24/2023-23:13:27] [I] ExposeDMA: Disabled
[05/24/2023-23:13:27] [I] Data transfers: Enabled
[05/24/2023-23:13:27] [I] Spin-wait: Disabled
[05/24/2023-23:13:27] [I] Multithreading: Disabled
[05/24/2023-23:13:27] [I] CUDA Graph: Disabled
[05/24/2023-23:13:27] [I] Separate profiling: Disabled
[05/24/2023-23:13:27] [I] Time Deserialize: Disabled
[05/24/2023-23:13:27] [I] Time Refit: Disabled
[05/24/2023-23:13:27] [I] NVTX verbosity: 0
[05/24/2023-23:13:27] [I] Persistent Cache Ratio: 0
[05/24/2023-23:13:27] [I] Inputs:
[05/24/2023-23:13:27] [I] === Reporting Options ===
[05/24/2023-23:13:27] [I] Verbose: Enabled
[05/24/2023-23:13:27] [I] Averages: 10 inferences
[05/24/2023-23:13:27] [I] Percentiles: 90,95,99
[05/24/2023-23:13:27] [I] Dump refittable layers:Disabled
[05/24/2023-23:13:27] [I] Dump output: Enabled
[05/24/2023-23:13:27] [I] Profile: Enabled
[05/24/2023-23:13:27] [I] Export timing to JSON file: 
[05/24/2023-23:13:27] [I] Export output to JSON file: log/sample/infer/infer_output.log
[05/24/2023-23:13:27] [I] Export profile to JSON file: log/sample/infer/infer_profile.log
[05/24/2023-23:13:27] [I] 
[05/24/2023-23:13:27] [I] === Device Information ===
[05/24/2023-23:13:27] [I] Selected Device: NVIDIA GeForce RTX 3080
[05/24/2023-23:13:27] [I] Compute Capability: 8.6
[05/24/2023-23:13:27] [I] SMs: 68
[05/24/2023-23:13:27] [I] Compute Clock Rate: 1.74 GHz
[05/24/2023-23:13:27] [I] Device Global Memory: 10009 MiB
[05/24/2023-23:13:27] [I] Shared Memory per SM: 100 KiB
[05/24/2023-23:13:27] [I] Memory Bus Width: 320 bits (ECC disabled)
[05/24/2023-23:13:27] [I] Memory Clock Rate: 9.501 GHz
[05/24/2023-23:13:27] [I] 
[05/24/2023-23:13:27] [I] TensorRT version: 8.5.1
[05/24/2023-23:13:27] [V] [TRT] Registered plugin creator - ::BatchedNMSDynamic_TRT version 1
[05/24/2023-23:13:27] [V] [TRT] Registered plugin creator - ::BatchedNMS_TRT version 1
[05/24/2023-23:13:27] [V] [TRT] Registered plugin creator - ::BatchTilePlugin_TRT version 1
[05/24/2023-23:13:27] [V] [TRT] Registered plugin creator - ::Clip_TRT version 1
[05/24/2023-23:13:27] [V] [TRT] Registered plugin creator - ::CoordConvAC version 1
[05/24/2023-23:13:27] [V] [TRT] Registered plugin creator - ::CropAndResizeDynamic version 1
[05/24/2023-23:13:27] [V] [TRT] Registered plugin creator - ::CropAndResize version 1
[05/24/2023-23:13:27] [V] [TRT] Registered plugin creator - ::DecodeBbox3DPlugin version 1
[05/24/2023-23:13:27] [V] [TRT] Registered plugin creator - ::DetectionLayer_TRT version 1
[05/24/2023-23:13:27] [V] [TRT] Registered plugin creator - ::EfficientNMS_Explicit_TF_TRT version 1
[05/24/2023-23:13:27] [V] [TRT] Registered plugin creator - ::EfficientNMS_Implicit_TF_TRT version 1
[05/24/2023-23:13:27] [V] [TRT] Registered plugin creator - ::EfficientNMS_ONNX_TRT version 1
[05/24/2023-23:13:27] [V] [TRT] Registered plugin creator - ::EfficientNMS_TRT version 1
[05/24/2023-23:13:27] [V] [TRT] Registered plugin creator - ::FlattenConcat_TRT version 1
[05/24/2023-23:13:27] [V] [TRT] Registered plugin creator - ::GenerateDetection_TRT version 1
[05/24/2023-23:13:27] [V] [TRT] Registered plugin creator - ::GridAnchor_TRT version 1
[05/24/2023-23:13:27] [V] [TRT] Registered plugin creator - ::GridAnchorRect_TRT version 1
[05/24/2023-23:13:27] [V] [TRT] Registered plugin creator - ::InstanceNormalization_TRT version 1
[05/24/2023-23:13:27] [V] [TRT] Registered plugin creator - ::InstanceNormalization_TRT version 2
[05/24/2023-23:13:27] [V] [TRT] Registered plugin creator - ::LReLU_TRT version 1
[05/24/2023-23:13:27] [V] [TRT] Registered plugin creator - ::MultilevelCropAndResize_TRT version 1
[05/24/2023-23:13:27] [V] [TRT] Registered plugin creator - ::MultilevelProposeROI_TRT version 1
[05/24/2023-23:13:27] [V] [TRT] Registered plugin creator - ::MultiscaleDeformableAttnPlugin_TRT version 1
[05/24/2023-23:13:27] [V] [TRT] Registered plugin creator - ::NMSDynamic_TRT version 1
[05/24/2023-23:13:27] [V] [TRT] Registered plugin creator - ::NMS_TRT version 1
[05/24/2023-23:13:27] [V] [TRT] Registered plugin creator - ::Normalize_TRT version 1
[05/24/2023-23:13:27] [V] [TRT] Registered plugin creator - ::PillarScatterPlugin version 1
[05/24/2023-23:13:27] [V] [TRT] Registered plugin creator - ::PriorBox_TRT version 1
[05/24/2023-23:13:27] [V] [TRT] Registered plugin creator - ::ProposalDynamic version 1
[05/24/2023-23:13:27] [V] [TRT] Registered plugin creator - ::ProposalLayer_TRT version 1
[05/24/2023-23:13:27] [V] [TRT] Registered plugin creator - ::Proposal version 1
[05/24/2023-23:13:27] [V] [TRT] Registered plugin creator - ::PyramidROIAlign_TRT version 1
[05/24/2023-23:13:27] [V] [TRT] Registered plugin creator - ::Region_TRT version 1
[05/24/2023-23:13:27] [V] [TRT] Registered plugin creator - ::Reorg_TRT version 1
[05/24/2023-23:13:27] [V] [TRT] Registered plugin creator - ::ResizeNearest_TRT version 1
[05/24/2023-23:13:27] [V] [TRT] Registered plugin creator - ::ROIAlign_TRT version 1
[05/24/2023-23:13:27] [V] [TRT] Registered plugin creator - ::RPROI_TRT version 1
[05/24/2023-23:13:27] [V] [TRT] Registered plugin creator - ::ScatterND version 1
[05/24/2023-23:13:27] [V] [TRT] Registered plugin creator - ::SpecialSlice_TRT version 1
[05/24/2023-23:13:27] [V] [TRT] Registered plugin creator - ::Split version 1
[05/24/2023-23:13:27] [V] [TRT] Registered plugin creator - ::VoxelGeneratorPlugin version 1
[05/24/2023-23:13:27] [I] Engine loaded in 6.6705e-05 sec.
[05/24/2023-23:13:27] [I] [TRT] Loaded engine size: 0 MiB
[05/24/2023-23:13:27] [V] [TRT] Deserialization required 782 microseconds.
[05/24/2023-23:13:27] [I] [TRT] [MemUsageChange] TensorRT-managed allocation in engine deserialization: CPU +0, GPU +0, now: CPU 0, GPU 0 (MiB)
[05/24/2023-23:13:27] [I] Engine deserialized in 0.244172 sec.
[05/24/2023-23:13:27] [V] [TRT] Total per-runner device persistent memory is 0
[05/24/2023-23:13:27] [V] [TRT] Total per-runner host persistent memory is 3264
[05/24/2023-23:13:27] [V] [TRT] Allocated activation device memory of size 0
[05/24/2023-23:13:27] [I] [TRT] [MemUsageChange] TensorRT-managed allocation in IExecutionContext creation: CPU +0, GPU +0, now: CPU 0, GPU 0 (MiB)
[05/24/2023-23:13:27] [I] Setting persistentCacheLimit to 0 bytes.
[05/24/2023-23:13:27] [V] Using enqueueV3.
[05/24/2023-23:13:27] [I] Using random values for input input0
[05/24/2023-23:13:27] [I] Created input binding for input0 with dimensions 1x3x5x5
[05/24/2023-23:13:27] [I] Using random values for output output0
[05/24/2023-23:13:27] [I] Created output binding for output0 with dimensions 1x16x3x3
[05/24/2023-23:13:27] [I] Layer Information:
[05/24/2023-23:13:27] [I] [TRT] The profiling verbosity was set to ProfilingVerbosity::kLAYER_NAMES_ONLY when the engine was built, so only the layer names will be returned. Rebuild the engine with ProfilingVerbosity::kDETAILED to get more verbose layer information.
[05/24/2023-23:13:27] [I] Layers:
/conv1/Conv + /act1/Relu

Bindings:
input0
output0
[05/24/2023-23:13:27] [I] [TRT] The profiling verbosity was set to ProfilingVerbosity::kLAYER_NAMES_ONLY when the engine was built, so only the layer names will be returned. Rebuild the engine with ProfilingVerbosity::kDETAILED to get more verbose layer information.
[05/24/2023-23:13:27] [I] Starting inference
[05/24/2023-23:13:30] [I] The e2e network timing is not reported since it is inaccurate due to the extra synchronizations when the profiler is enabled.
[05/24/2023-23:13:30] [I] To show e2e network timing report, add --separateProfileRun to profile layer timing in a separate run or remove --dumpProfile to disable the profiler.
[05/24/2023-23:13:30] [I] Output Tensors:
[05/24/2023-23:13:30] [I] output0: (1x16x3x3)
[05/24/2023-23:13:30] [I] 0 0.343867 0.280038 0.0781097 0 0 0 0 0 0 0.110626 0 0 0.637493 0 0.0296804 0.334468 0.698684 0 0.448564 0.299442 0 0 0.0672816 0 0 0 0.30421 0 0.043878 0.202975 0.0404697 0.30599 0.28688 0 0.178498 0 0.629952 0 0 0 0 0 0 0.0764626 0.400119 0.285139 0 0.637244 0.324907 0.159904 0.837545 0.0964172 0.0233223 0.467176 0.437942 0.166259 0.60988 0.358742 0.278209 0.549103 0.444567 0 0 0 0.340987 0 0.312419 0 0 0 0 0.0397214 0.717644 0.0738691 0.743456 0.137653 0 0.322724 0.112182 0.252112 0.403131 0.0599683 0 0.623682 0.320019 0 0.293927 0.324439 0 0.273287 0.379115 0.0863021 0 0.306576 0.462827 0 0 0 0.227187 0 0 0 0 0.802398 0.066532 0 0 0.208368 0 0.382973 0 0.472195 0.371348 0.234157 0.189498 0.148056 0 0 0.0102278 0 0.342782 0.220347 0 0.0602595 0 0 0.263348 0 0.193213 0.507425 0.305224 0.192337 0 0 0.597453 0.0619505 0 0 0 0 0 0.327169 0.0872833
[05/24/2023-23:13:30] [I] 
[05/24/2023-23:13:30] [I] === Profile (122823 iterations ) ===
[05/24/2023-23:13:30] [I]                     Layer   Time (ms)   Avg. Time (ms)   Median Time (ms)   Time %
[05/24/2023-23:13:30] [I]  /conv1/Conv + /act1/Relu      722.82           0.0059             0.0061    100.0
[05/24/2023-23:13:30] [I]                     Total      722.82           0.0059             0.0061    100.0
[05/24/2023-23:13:30] [I] 
&&&& PASSED TensorRT.trtexec [TensorRT v8501] # trtexec --loadEngine=sample.engine --verbose --dumpOutput --dumpProfile --dumpLayerInfo --exportOutput=log/sample/infer/infer_output.log --exportProfile=log/sample/infer/infer_profile.log --exportLayerInfo=log/sample/infer/infer_layer_info.log --warmUp=0 --iterations=50
