[
  { "count" : 1941 }
, { "name" : "/conv1/Conv + /relu/Relu", "timeMs" : 54.2342, "averageMs" : 0.0279414, "medianMs" : 0.027648, "percentage" : 1.92564 }
, { "name" : "/maxpool/MaxPool", "timeMs" : 11.5857, "averageMs" : 0.00596892, "medianMs" : 0.006144, "percentage" : 0.411362 }
, { "name" : "/layer1/layer1.0/conv1/Conv + /layer1/layer1.0/relu/Relu", "timeMs" : 20.5179, "averageMs" : 0.0105708, "medianMs" : 0.01024, "percentage" : 0.728512 }
, { "name" : "/layer1/layer1.0/conv2/Conv + /layer1/layer1.0/relu_1/Relu", "timeMs" : 32.9037, "averageMs" : 0.0169519, "medianMs" : 0.016704, "percentage" : 1.16828 }
, { "name" : "/layer1/layer1.0/downsample/downsample.0/Conv", "timeMs" : 31.0974, "averageMs" : 0.0160213, "medianMs" : 0.016256, "percentage" : 1.10414 }
, { "name" : "/layer1/layer1.0/conv3/Conv + /layer1/layer1.0/Add + /layer1/layer1.0/relu_2/Relu", "timeMs" : 33.619, "averageMs" : 0.0173205, "medianMs" : 0.017408, "percentage" : 1.19368 }
, { "name" : "/layer1/layer1.1/conv1/Conv + /layer1/layer1.1/relu/Relu", "timeMs" : 34.5526, "averageMs" : 0.0178014, "medianMs" : 0.017408, "percentage" : 1.22683 }
, { "name" : "/layer1/layer1.1/conv2/Conv + /layer1/layer1.1/relu_1/Relu", "timeMs" : 32.8704, "averageMs" : 0.0169348, "medianMs" : 0.016672, "percentage" : 1.1671 }
, { "name" : "/layer1/layer1.1/conv3/Conv + /layer1/layer1.1/Add + /layer1/layer1.1/relu_2/Relu", "timeMs" : 33.5495, "averageMs" : 0.0172846, "medianMs" : 0.017408, "percentage" : 1.19121 }
, { "name" : "/layer1/layer1.2/conv1/Conv + /layer1/layer1.2/relu/Relu", "timeMs" : 34.0843, "averageMs" : 0.0175602, "medianMs" : 0.017408, "percentage" : 1.2102 }
, { "name" : "/layer1/layer1.2/conv2/Conv + /layer1/layer1.2/relu_1/Relu", "timeMs" : 32.8406, "averageMs" : 0.0169194, "medianMs" : 0.016672, "percentage" : 1.16604 }
, { "name" : "/layer1/layer1.2/conv3/Conv + /layer1/layer1.2/Add + /layer1/layer1.2/relu_2/Relu", "timeMs" : 33.4012, "averageMs" : 0.0172083, "medianMs" : 0.017408, "percentage" : 1.18595 }
, { "name" : "/layer2/layer2.0/conv1/Conv + /layer2/layer2.0/relu/Relu", "timeMs" : 45.1465, "averageMs" : 0.0232594, "medianMs" : 0.02352, "percentage" : 1.60297 }
, { "name" : "/layer2/layer2.0/conv2/Conv + /layer2/layer2.0/relu_1/Relu", "timeMs" : 77.0403, "averageMs" : 0.039691, "medianMs" : 0.039808, "percentage" : 2.7354 }
, { "name" : "/layer2/layer2.0/downsample/downsample.0/Conv", "timeMs" : 50.4142, "averageMs" : 0.0259733, "medianMs" : 0.0256, "percentage" : 1.79001 }
, { "name" : "/layer2/layer2.0/conv3/Conv + /layer2/layer2.0/Add + /layer2/layer2.0/relu_2/Relu", "timeMs" : 34.0393, "averageMs" : 0.017537, "medianMs" : 0.017408, "percentage" : 1.2086 }
, { "name" : "/layer2/layer2.1/conv1/Conv + /layer2/layer2.1/relu/Relu", "timeMs" : 43.4864, "averageMs" : 0.0224041, "medianMs" : 0.022528, "percentage" : 1.54403 }
, { "name" : "/layer2/layer2.1/conv2/Conv + /layer2/layer2.1/relu_1/Relu", "timeMs" : 43.352, "averageMs" : 0.0223349, "medianMs" : 0.022528, "percentage" : 1.53926 }
, { "name" : "/layer2/layer2.1/conv3/Conv + /layer2/layer2.1/Add + /layer2/layer2.1/relu_2/Relu", "timeMs" : 31.8619, "averageMs" : 0.0164152, "medianMs" : 0.016384, "percentage" : 1.13129 }
, { "name" : "/layer2/layer2.2/conv1/Conv + /layer2/layer2.2/relu/Relu", "timeMs" : 43.2985, "averageMs" : 0.0223073, "medianMs" : 0.022528, "percentage" : 1.53736 }
, { "name" : "/layer2/layer2.2/conv2/Conv + /layer2/layer2.2/relu_1/Relu", "timeMs" : 42.2592, "averageMs" : 0.0217719, "medianMs" : 0.021504, "percentage" : 1.50046 }
, { "name" : "/layer2/layer2.2/conv3/Conv + /layer2/layer2.2/Add + /layer2/layer2.2/relu_2/Relu", "timeMs" : 31.9592, "averageMs" : 0.0164653, "medianMs" : 0.016384, "percentage" : 1.13474 }
, { "name" : "/layer2/layer2.3/conv1/Conv + /layer2/layer2.3/relu/Relu", "timeMs" : 43.2108, "averageMs" : 0.0222621, "medianMs" : 0.022528, "percentage" : 1.53425 }
, { "name" : "/layer2/layer2.3/conv2/Conv + /layer2/layer2.3/relu_1/Relu", "timeMs" : 42.9864, "averageMs" : 0.0221465, "medianMs" : 0.022208, "percentage" : 1.52628 }
, { "name" : "/layer2/layer2.3/conv3/Conv + /layer2/layer2.3/Add + /layer2/layer2.3/relu_2/Relu", "timeMs" : 31.8724, "averageMs" : 0.0164206, "medianMs" : 0.016384, "percentage" : 1.13166 }
, { "name" : "/layer3/layer3.0/conv1/Conv + /layer3/layer3.0/relu/Relu", "timeMs" : 41.3585, "averageMs" : 0.0213078, "medianMs" : 0.021504, "percentage" : 1.46848 }
, { "name" : "Reformatting CopyNode for Input Tensor 0 to /layer3/layer3.0/conv2/Conv + /layer3/layer3.0/relu_1/Relu", "timeMs" : 17.3625, "averageMs" : 0.00894515, "medianMs" : 0.009216, "percentage" : 0.616476 }
, { "name" : "/layer3/layer3.0/conv2/Conv + /layer3/layer3.0/relu_1/Relu", "timeMs" : 105.878, "averageMs" : 0.0545482, "medianMs" : 0.054272, "percentage" : 3.75931 }
, { "name" : "/layer3/layer3.0/downsample/downsample.0/Conv", "timeMs" : 57.7131, "averageMs" : 0.0297337, "medianMs" : 0.029696, "percentage" : 2.04916 }
, { "name" : "Reformatting CopyNode for Input Tensor 0 to /layer3/layer3.0/conv3/Conv + /layer3/layer3.0/Add + /layer3/layer3.0/relu_2/Relu", "timeMs" : 9.55738, "averageMs" : 0.00492395, "medianMs" : 0.00512, "percentage" : 0.339345 }
, { "name" : "/layer3/layer3.0/conv3/Conv + /layer3/layer3.0/Add + /layer3/layer3.0/relu_2/Relu", "timeMs" : 34.3692, "averageMs" : 0.0177069, "medianMs" : 0.017408, "percentage" : 1.22031 }
, { "name" : "/layer3/layer3.1/conv1/Conv + /layer3/layer3.1/relu/Relu", "timeMs" : 45.7973, "averageMs" : 0.0235947, "medianMs" : 0.023552, "percentage" : 1.62608 }
, { "name" : "/layer3/layer3.1/conv2/Conv + /layer3/layer3.1/relu_1/Relu", "timeMs" : 69.7161, "averageMs" : 0.0359176, "medianMs" : 0.03584, "percentage" : 2.47534 }
, { "name" : "/layer3/layer3.1/conv3/Conv + /layer3/layer3.1/Add + /layer3/layer3.1/relu_2/Relu", "timeMs" : 34.8699, "averageMs" : 0.0179649, "medianMs" : 0.017696, "percentage" : 1.23809 }
, { "name" : "/layer3/layer3.2/conv1/Conv + /layer3/layer3.2/relu/Relu", "timeMs" : 45.7914, "averageMs" : 0.0235917, "medianMs" : 0.023552, "percentage" : 1.62587 }
, { "name" : "/layer3/layer3.2/conv2/Conv + /layer3/layer3.2/relu_1/Relu", "timeMs" : 69.4192, "averageMs" : 0.0357647, "medianMs" : 0.03584, "percentage" : 2.4648 }
, { "name" : "/layer3/layer3.2/conv3/Conv + /layer3/layer3.2/Add + /layer3/layer3.2/relu_2/Relu", "timeMs" : 35.0721, "averageMs" : 0.0180691, "medianMs" : 0.018208, "percentage" : 1.24527 }
, { "name" : "/layer3/layer3.3/conv1/Conv + /layer3/layer3.3/relu/Relu", "timeMs" : 45.6102, "averageMs" : 0.0234983, "medianMs" : 0.023552, "percentage" : 1.61944 }
, { "name" : "/layer3/layer3.3/conv2/Conv + /layer3/layer3.3/relu_1/Relu", "timeMs" : 69.3875, "averageMs" : 0.0357483, "medianMs" : 0.03584, "percentage" : 2.46368 }
, { "name" : "/layer3/layer3.3/conv3/Conv + /layer3/layer3.3/Add + /layer3/layer3.3/relu_2/Relu", "timeMs" : 34.5209, "averageMs" : 0.0177851, "medianMs" : 0.017408, "percentage" : 1.2257 }
, { "name" : "/layer3/layer3.4/conv1/Conv + /layer3/layer3.4/relu/Relu", "timeMs" : 45.7191, "averageMs" : 0.0235544, "medianMs" : 0.023552, "percentage" : 1.6233 }
, { "name" : "/layer3/layer3.4/conv2/Conv + /layer3/layer3.4/relu_1/Relu", "timeMs" : 69.3814, "averageMs" : 0.0357452, "medianMs" : 0.03584, "percentage" : 2.46346 }
, { "name" : "/layer3/layer3.4/conv3/Conv + /layer3/layer3.4/Add + /layer3/layer3.4/relu_2/Relu", "timeMs" : 35.0855, "averageMs" : 0.018076, "medianMs" : 0.018272, "percentage" : 1.24575 }
, { "name" : "/layer3/layer3.5/conv1/Conv + /layer3/layer3.5/relu/Relu", "timeMs" : 45.5251, "averageMs" : 0.0234544, "medianMs" : 0.023552, "percentage" : 1.61642 }
, { "name" : "/layer3/layer3.5/conv2/Conv + /layer3/layer3.5/relu_1/Relu", "timeMs" : 69.3622, "averageMs" : 0.0357353, "medianMs" : 0.03584, "percentage" : 2.46278 }
, { "name" : "/layer3/layer3.5/conv3/Conv + /layer3/layer3.5/Add + /layer3/layer3.5/relu_2/Relu", "timeMs" : 34.5195, "averageMs" : 0.0177844, "medianMs" : 0.017408, "percentage" : 1.22565 }
, { "name" : "/layer4/layer4.0/conv1/Conv + /layer4/layer4.0/relu/Relu", "timeMs" : 47.7187, "averageMs" : 0.0245846, "medianMs" : 0.024576, "percentage" : 1.6943 }
, { "name" : "Reformatting CopyNode for Input Tensor 0 to /layer4/layer4.0/conv2/Conv + /layer4/layer4.0/relu_1/Relu", "timeMs" : 10.511, "averageMs" : 0.00541522, "medianMs" : 0.00512, "percentage" : 0.373203 }
, { "name" : "/layer4/layer4.0/conv2/Conv + /layer4/layer4.0/relu_1/Relu", "timeMs" : 204.707, "averageMs" : 0.105465, "medianMs" : 0.105216, "percentage" : 7.26836 }
, { "name" : "Reformatting CopyNode for Input Tensor 0 to /layer4/layer4.0/downsample/downsample.0/Conv", "timeMs" : 13.9798, "averageMs" : 0.00720239, "medianMs" : 0.007168, "percentage" : 0.496369 }
, { "name" : "/layer4/layer4.0/downsample/downsample.0/Conv", "timeMs" : 69.5771, "averageMs" : 0.035846, "medianMs" : 0.03584, "percentage" : 2.47041 }
, { "name" : "/layer4/layer4.0/conv3/Conv + /layer4/layer4.0/Add + /layer4/layer4.0/relu_2/Relu", "timeMs" : 40.2888, "averageMs" : 0.0207567, "medianMs" : 0.02048, "percentage" : 1.4305 }
, { "name" : "Reformatting CopyNode for Output Tensor 0 to /layer4/layer4.0/conv3/Conv + /layer4/layer4.0/Add + /layer4/layer4.0/relu_2/Relu", "timeMs" : 9.29377, "averageMs" : 0.00478813, "medianMs" : 0.00512, "percentage" : 0.329985 }
, { "name" : "/layer4/layer4.1/conv1/Conv + /layer4/layer4.1/relu/Relu", "timeMs" : 43.4966, "averageMs" : 0.0224094, "medianMs" : 0.022528, "percentage" : 1.54439 }
, { "name" : "/layer4/layer4.1/conv2/Conv + /layer4/layer4.1/relu_1/Relu", "timeMs" : 119.877, "averageMs" : 0.0617605, "medianMs" : 0.06144, "percentage" : 4.25637 }
, { "name" : "/layer4/layer4.1/conv3/Conv + /layer4/layer4.1/Add + /layer4/layer4.1/relu_2/Relu", "timeMs" : 45.4681, "averageMs" : 0.0234251, "medianMs" : 0.023552, "percentage" : 1.6144 }
, { "name" : "/layer4/layer4.2/conv1/Conv + /layer4/layer4.2/relu/Relu", "timeMs" : 42.9806, "averageMs" : 0.0221435, "medianMs" : 0.022304, "percentage" : 1.52607 }
, { "name" : "/layer4/layer4.2/conv2/Conv + /layer4/layer4.2/relu_1/Relu", "timeMs" : 119.867, "averageMs" : 0.0617551, "medianMs" : 0.06144, "percentage" : 4.25599 }
, { "name" : "/layer4/layer4.2/conv3/Conv + /layer4/layer4.2/Add + /layer4/layer4.2/relu_2/Relu", "timeMs" : 44.6507, "averageMs" : 0.0230039, "medianMs" : 0.022528, "percentage" : 1.58537 }
, { "name" : "/avgpool/GlobalAveragePool", "timeMs" : 10.1535, "averageMs" : 0.00523109, "medianMs" : 0.00512, "percentage" : 0.360512 }
, { "name" : "/fc/Gemm", "timeMs" : 31.65, "averageMs" : 0.0163061, "medianMs" : 0.016384, "percentage" : 1.12377 }
, { "name" : "reshape_after_/fc/Gemm", "timeMs" : 0, "averageMs" : 0, "medianMs" : 0, "percentage" : 0 }
]
