[2023-10-25::00:38:14] [INFO]: Succeeded loaded data as .npz file!
[2023-10-25::00:40:44] [INFO]: Succeeded loaded data as .npz file!
[2023-10-25::00:40:44] [INFO]: Tensor values:

[2023-10-25::00:41:17] [INFO]: Succeeded loaded data as .npz file!
[2023-10-25::00:41:17] [INFO]: Tensor values:

[2023-10-25::00:41:17] [INFO]: [[[[ 0.84018773  0.39438292  0.78309923  0.79844004]
   [ 0.91164738  0.19755137  0.33522275  0.76822960]
   [ 0.27777472  0.55396998  0.47739705  0.62887090]
   [ 0.36478448  0.51340091  0.95222974  0.91619509]]

  [[ 0.63571173  0.71729696  0.14160256  0.60696888]
   [ 0.01630057  0.24288677  0.13723157  0.80417675]
   [ 0.15667909  0.40094438  0.12979044  0.10880880]
   [ 0.99892449  0.21825691  0.51293242  0.83911222]]]


 [[[ 0.61263984  0.29603162  0.63755226  0.52428716]
   [ 0.49358299  0.97277504  0.29251680  0.77135772]
   [ 0.52674496  0.76991385  0.40022862  0.89152944]
   [ 0.28331473  0.35245836  0.80772454  0.91902649]]

  [[ 0.06975528  0.94932705  0.52599537  0.08605585]
   [ 0.19221385  0.66322690  0.89023262  0.34889293]
   [ 0.06417132  0.02002305  0.45770174  0.06309584]
   [ 0.23827995  0.97063410  0.90220809  0.85091978]]]


 [[[ 0.26666576  0.53976035  0.37520698  0.76024872]
   [ 0.51253539  0.66772377  0.53160644  0.03928034]
   [ 0.43763760  0.93183506  0.93080980  0.72095233]
   [ 0.28429341  0.73853433  0.63997883  0.35404867]]

  [[ 0.68786138  0.16597417  0.44010451  0.88007522]
   [ 0.82920110  0.33033714  0.22896817  0.89337242]
   [ 0.35036018  0.68666989  0.95646822  0.58864015]
   [ 0.65730405  0.85867631  0.43955991  0.92396981]]]]
[2023-10-25::00:42:01] [INFO]: Succeeded loaded data as .npz file!
[2023-10-25::00:42:01] [INFO]: Tensor values:

[2023-10-25::00:42:22] [INFO]: Succeeded loaded data as .npz file!
[2023-10-25::00:42:22] [INFO]: Tensor values:

[2023-10-25::00:42:56] [INFO]: Succeeded loaded data as .npz file!
[2023-10-25::00:42:56] [INFO]: Tensor shape:

[2023-10-25::00:42:56] [INFO]: Tensor values:

[2023-10-25::00:43:42] [INFO]: Succeeded loaded data as .npz file!
[2023-10-25::00:43:42] [INFO]: Tensor shape:(3, 2, 4, 4)
[2023-10-25::00:43:42] [INFO]: Tensor values:

[2023-10-25::00:45:28] [INFO]: Succeeded loaded data as .npz file!
[2023-10-25::00:45:28] [INFO]: Tensor shape:(3, 2, 4, 4)
[2023-10-25::00:45:28] [INFO]: Tensor values:

[2023-10-25::00:45:39] [INFO]: Succeeded loaded data as .npz file!
[2023-10-25::00:45:39] [INFO]: Tensor shape:(3, 2, 4, 4)
[2023-10-25::00:45:39] [INFO]: Tensor values:

[2023-10-25::00:45:52] [INFO]: Succeeded loaded data as .npz file!
[2023-10-25::00:45:52] [INFO]: Tensor shape:(3, 2, 4, 4)
[2023-10-25::00:45:52] [INFO]: Tensor values:
[2023-10-26::00:23:43] [INFO]: Succeeded loaded data as .npz file!
[2023-10-26::00:23:43] [INFO]: Tensor shape:(3, 2, 4, 4)
[2023-10-26::00:23:43] [INFO]: Tensor values:
