{"Layers": [{
  "Name": "/conv1/Conv + /act1/Relu",
  "LayerType": "CaskConvolution",
  "Inputs": [
  {
    "Name": "input0",
    "Location": "Device",
    "Dimensions": [1,3,5,5],
    "Format/Datatype": "Row major linear FP32"
  }],
  "Outputs": [
  {
    "Name": "output0",
    "Location": "Device",
    "Dimensions": [1,16,3,3],
    "Format/Datatype": "Row major linear FP32"
  }],
  "ParameterType": "Convolution",
  "Kernel": [3,3],
  "PaddingMode": "kEXPLICIT_ROUND_DOWN",
  "PrePadding": [0,0],
  "PostPadding": [0,0],
  "Stride": [1,1],
  "Dilation": [1,1],
  "OutMaps": 16,
  "Groups": 1,
  "Weights": {"Type": "Float", "Count": 432},
  "Bias": {"Type": "Float", "Count": 16},
  "HasSparseWeights": 0,
  "HasDynamicFilter": 0,
  "HasDynamicBias": 0,
  "HasResidual": 0,
  "ConvXAsActInputIdx": -1,
  "BiasAsActInputIdx": -1,
  "ResAsActInputIdx": -1,
  "Activation": "RELU",
  "HasBias": 1,
  "HasReLU": 1,
  "TacticName": "sm80_xmma_fprop_implicit_gemm_f32f32_f32f32_f32_nchwkcrs_nchw_tilesize32x32x8_stage3_warpsize1x2x1_g1_ffma_t1r3s3_aligna4_alignc4",
  "TacticValue": "0x8ad32616b1424be4"
}],
"Bindings": ["input0"
,"output0"
]}
