[2023-10-02::18:14:51] [INFO]: Starting unit test...
[2023-10-02::18:14:51] [INFO]: Test <shape=[32],scalar=1.000000,scale=10.000000>
[2023-10-02::18:15:56] [INFO]: Starting unit test...
[2023-10-02::18:15:56] [INFO]: Test <shape=[32],scalar=1.000000,scale=10.000000>
[2023-10-02::18:15:57] [INFO]: Succeeded loading engine!
[2023-10-02::18:15:57] [INFO]: check:True, absDiff=0.000000, relDiff=0.000000
[2023-10-02::18:15:57] [INFO]: Test <shape=[32],scalar=1.000000,scale=10.000000> finish!

[2023-10-02::18:15:57] [INFO]: Test <shape=[32, 32],scalar=2.000000,scale=5.000000>
[2023-10-02::18:15:57] [INFO]: Succeeded loading engine!
[2023-10-02::18:15:57] [INFO]: check:True, absDiff=0.000000, relDiff=0.000000
[2023-10-02::18:15:57] [INFO]: Test <shape=[32, 32],scalar=2.000000,scale=5.000000> finish!

[2023-10-02::18:16:26] [INFO]: Starting unit test...
[2023-10-02::18:16:26] [INFO]: Test <shape=[32],scalar=1.000000,scale=10.000000>
[2023-10-02::18:16:27] [INFO]: Succeeded loading engine!
[2023-10-02::18:16:27] [INFO]: check:True, absDiff=0.000000, relDiff=0.000000
[2023-10-02::18:16:27] [INFO]: Test <shape=[32],scalar=1.000000,scale=10.000000> finish!

[2023-10-02::18:16:27] [INFO]: Test <shape=[32, 32],scalar=2.000000,scale=5.000000>
[2023-10-02::18:16:27] [INFO]: Succeeded loading engine!
[2023-10-02::18:16:27] [INFO]: check:True, absDiff=0.000000, relDiff=0.000000
[2023-10-02::18:16:27] [INFO]: Test <shape=[32, 32],scalar=2.000000,scale=5.000000> finish!

[2023-10-02::18:16:41] [INFO]: Starting unit test...
[2023-10-02::18:16:41] [INFO]: Test <shape=[32],scalar=1.000000,scale=10.000000>
[2023-10-02::18:16:42] [INFO]: Succeeded loading engine!
[2023-10-02::18:16:42] [INFO]: check:True, absDiff=0.000000, relDiff=0.000000
[2023-10-02::18:16:42] [INFO]: Test <shape=[32],scalar=1.000000,scale=10.000000> finish!

[2023-10-02::18:16:42] [INFO]: Test <shape=[32, 32],scalar=2.000000,scale=5.000000>
[2023-10-02::18:16:42] [INFO]: Succeeded loading engine!
[2023-10-02::18:16:42] [INFO]: check:True, absDiff=0.000000, relDiff=0.000000
[2023-10-02::18:16:42] [INFO]: Test <shape=[32, 32],scalar=2.000000,scale=5.000000> finish!

[2023-10-02::18:19:38] [INFO]: Starting unit test...
[2023-10-02::18:19:38] [INFO]: Test <shape=[32],scalar=1.000000,scale=10.000000>
[2023-10-02::18:19:39] [INFO]: Succeeded loading engine!
[2023-10-02::18:19:39] [INFO]: check:True, absDiff=0.000000, relDiff=0.000000
[2023-10-02::18:19:39] [INFO]: Test <shape=[32],scalar=1.000000,scale=10.000000> finish!

[2023-10-02::18:19:39] [INFO]: Test <shape=[32, 32],scalar=2.000000,scale=5.000000>
[2023-10-02::18:19:39] [INFO]: Succeeded loading engine!
[2023-10-02::18:19:39] [INFO]: check:True, absDiff=0.000000, relDiff=0.000000
[2023-10-02::18:19:39] [INFO]: Test <shape=[32, 32],scalar=2.000000,scale=5.000000> finish!

[2023-10-02::18:20:10] [INFO]: Starting unit test...
[2023-10-02::18:20:10] [INFO]: Test <shape=[32],scalar=1.000000,scale=10.000000>
[2023-10-02::18:20:11] [INFO]: Succeeded loading engine!
[2023-10-02::18:20:11] [INFO]: check:True, absDiff=0.000000, relDiff=0.000000
[2023-10-02::18:20:11] [INFO]: Test <shape=[32],scalar=1.000000,scale=10.000000> finish!

[2023-10-02::18:20:11] [INFO]: Test <shape=[32, 32],scalar=2.000000,scale=5.000000>
[2023-10-02::18:20:11] [INFO]: Succeeded loading engine!
[2023-10-02::18:20:11] [INFO]: check:True, absDiff=0.000000, relDiff=0.000000
[2023-10-02::18:20:11] [INFO]: Test <shape=[32, 32],scalar=2.000000,scale=5.000000> finish!

[2023-10-02::18:20:11] [INFO]: Test all finish!
[2023-10-02::18:21:22] [INFO]: Starting unit test...
[2023-10-02::18:21:22] [INFO]: Test <shape=[32],scalar=1.000000,scale=10.000000>
[2023-10-02::18:21:23] [INFO]: Succeeded loading engine!
[2023-10-02::18:21:23] [INFO]: check:True, absDiff=0.000000, relDiff=0.000000
[2023-10-02::18:21:23] [INFO]: Test <shape=[32],scalar=1.000000,scale=10.000000> finish!

[2023-10-02::18:21:23] [INFO]: Test <shape=[32, 32],scalar=2.000000,scale=5.000000>
[2023-10-02::18:21:23] [INFO]: Succeeded loading engine!
[2023-10-02::18:21:23] [INFO]: check:True, absDiff=0.000000, relDiff=0.000000
[2023-10-02::18:21:23] [INFO]: Test <shape=[32, 32],scalar=2.000000,scale=5.000000> finish!

[2023-10-02::18:21:23] [INFO]: Test all finish!
[2023-10-02::18:22:19] [INFO]: Starting unit test...
[2023-10-02::18:22:19] [INFO]: Test <shape=[32],scalar=1.000000,scale=10.000000>
[2023-10-02::18:22:20] [INFO]: Succeeded loading engine!
[2023-10-02::18:22:20] [INFO]: check:True, absDiff=0.000000, relDiff=0.000000
[2023-10-02::18:22:20] [INFO]: Test <shape=[32],scalar=1.000000,scale=10.000000> finish!

[2023-10-02::18:22:20] [INFO]: Test <shape=[32, 32],scalar=2.000000,scale=5.000000>
[2023-10-02::18:22:20] [INFO]: Succeeded loading engine!
[2023-10-02::18:22:20] [INFO]: check:True, absDiff=0.000000, relDiff=0.000000
[2023-10-02::18:22:20] [INFO]: Test <shape=[32, 32],scalar=2.000000,scale=5.000000> finish!

[2023-10-02::18:22:20] [INFO]: Test all finish!
[2023-10-02::18:23:48] [INFO]: Starting unit test...
[2023-10-02::18:23:48] [INFO]: Test <shape=[32],scalar=1.000000,scale=10.000000>
[2023-10-02::18:23:49] [INFO]: Succeeded loading engine!
[2023-10-02::18:23:49] [INFO]: check:True, absDiff=0.000000, relDiff=0.000000
[2023-10-02::18:23:49] [INFO]: Test <shape=[32],scalar=1.000000,scale=10.000000> finish!

[2023-10-02::18:23:49] [INFO]: Test <shape=[32, 32],scalar=2.000000,scale=5.000000>
[2023-10-02::18:23:49] [INFO]: Succeeded loading engine!
[2023-10-02::18:23:49] [INFO]: check:True, absDiff=0.000000, relDiff=0.000000
[2023-10-02::18:23:49] [INFO]: Test <shape=[32, 32],scalar=2.000000,scale=5.000000> finish!

[2023-10-02::18:24:15] [INFO]: Starting unit test...
[2023-10-02::18:24:15] [INFO]: Test <shape=[32],scalar=1.000000,scale=10.000000>
[2023-10-02::18:24:16] [INFO]: Succeeded loading engine!
[2023-10-02::18:24:16] [INFO]: check:True, absDiff=0.000000, relDiff=0.000000
[2023-10-02::18:24:16] [INFO]: Test <shape=[32],scalar=1.000000,scale=10.000000> finish!

[2023-10-02::18:24:16] [INFO]: Test <shape=[32, 32],scalar=2.000000,scale=5.000000>
[2023-10-02::18:24:16] [INFO]: Succeeded loading engine!
[2023-10-02::18:24:16] [INFO]: check:True, absDiff=0.000000, relDiff=0.000000
[2023-10-02::18:24:16] [INFO]: Test <shape=[32, 32],scalar=2.000000,scale=5.000000> finish!

[2023-10-02::18:24:16] [INFO]: Test <shape=[16, 16, 16],scalar=1.000000,scale=3.000000>
[2023-10-02::18:24:17] [INFO]: Succeeded building engine!
[2023-10-02::18:24:17] [INFO]: check:True, absDiff=0.000000, relDiff=0.000000
[2023-10-02::18:24:17] [INFO]: Test <shape=[16, 16, 16],scalar=1.000000,scale=3.000000> finish!

[2023-10-02::18:24:17] [INFO]: Test <shape=[8, 8, 8, 8],scalar=1.000000,scale=5.000000>
[2023-10-02::18:24:17] [INFO]: Succeeded building engine!
[2023-10-02::18:24:17] [INFO]: check:True, absDiff=0.000000, relDiff=0.000000
[2023-10-02::18:24:17] [INFO]: Test <shape=[8, 8, 8, 8],scalar=1.000000,scale=5.000000> finish!

[2023-10-02::18:24:17] [INFO]: Test all finish!
[2023-10-02::18:39:32] [INFO]: Starting unit test...
[2023-10-02::18:39:32] [INFO]: Test <shape=[32],scalar=1.000000,scale=10.000000>
[2023-10-02::18:42:13] [INFO]: Starting unit test...
[2023-10-02::18:42:13] [INFO]: Test <shape=[32],scalar=1.000000,scale=10.000000>
[2023-10-02::18:42:15] [INFO]: Succeeded building engine!
[2023-10-02::18:42:15] [INFO]: check:True, absDiff=0.000000, relDiff=0.000000
[2023-10-02::18:42:15] [INFO]: Test <shape=[32],scalar=1.000000,scale=10.000000> finish!

[2023-10-02::18:42:15] [INFO]: Test <shape=[32, 32],scalar=2.000000,scale=5.000000>
[2023-10-02::18:42:15] [INFO]: Succeeded building engine!
[2023-10-02::18:42:15] [INFO]: check:False, absDiff=5115.000000, relDiff=0.998049
[2023-10-02::18:42:15] [INFO]: Test <shape=[32, 32],scalar=2.000000,scale=5.000000> finish!

[2023-10-02::18:42:15] [INFO]: Test <shape=[16, 16, 16],scalar=1.000000,scale=3.000000>
[2023-10-02::18:42:15] [INFO]: Succeeded building engine!
[2023-10-02::18:42:15] [INFO]: check:False, absDiff=28672.000000, relDiff=2.333333
[2023-10-02::18:42:15] [INFO]: Test <shape=[16, 16, 16],scalar=1.000000,scale=3.000000> finish!

[2023-10-02::18:42:15] [INFO]: Test <shape=[8, 8, 8, 8],scalar=1.000000,scale=5.000000>
[2023-10-02::18:42:15] [INFO]: Succeeded building engine!
[2023-10-02::18:42:15] [INFO]: check:False, absDiff=20480.000000, relDiff=1.000000
[2023-10-02::18:42:15] [INFO]: Test <shape=[8, 8, 8, 8],scalar=1.000000,scale=5.000000> finish!

[2023-10-02::18:42:15] [INFO]: All tests are passed
[2023-10-02::18:43:58] [INFO]: Starting unit test...
[2023-10-02::18:43:58] [INFO]: Test <shape=[32],scalar=1.000000,scale=10.000000>
[2023-10-02::18:43:59] [INFO]: Succeeded loading engine!
[2023-10-02::18:43:59] [INFO]: check:True, absDiff=0.000000, relDiff=0.000000
[2023-10-02::18:43:59] [INFO]: Test <shape=[32],scalar=1.000000,scale=10.000000> finish!

[2023-10-02::18:43:59] [INFO]: Test <shape=[32, 32],scalar=2.000000,scale=5.000000>
[2023-10-02::18:43:59] [INFO]: Succeeded loading engine!
[2023-10-02::18:43:59] [INFO]: check:False, absDiff=5115.000000, relDiff=0.998049
[2023-10-02::18:43:59] [INFO]: Test <shape=[32, 32],scalar=2.000000,scale=5.000000> finish!

[2023-10-02::18:43:59] [INFO]: Test <shape=[16, 16, 16],scalar=1.000000,scale=3.000000>
[2023-10-02::18:43:59] [INFO]: Succeeded loading engine!
[2023-10-02::18:43:59] [INFO]: check:False, absDiff=28672.000000, relDiff=2.333333
[2023-10-02::18:43:59] [INFO]: Test <shape=[16, 16, 16],scalar=1.000000,scale=3.000000> finish!

[2023-10-02::18:43:59] [INFO]: Test <shape=[8, 8, 8, 8],scalar=1.000000,scale=5.000000>
[2023-10-02::18:43:59] [INFO]: Succeeded loading engine!
[2023-10-02::18:43:59] [INFO]: check:False, absDiff=20480.000000, relDiff=1.000000
[2023-10-02::18:43:59] [INFO]: Test <shape=[8, 8, 8, 8],scalar=1.000000,scale=5.000000> finish!

[2023-10-02::18:43:59] [INFO]: All tests are passed
[2023-10-02::18:44:09] [INFO]: Starting unit test...
[2023-10-02::18:44:09] [INFO]: Test <shape=[32],scalar=1.000000,scale=10.000000>
[2023-10-02::18:45:16] [INFO]: Starting unit test...
[2023-10-02::18:45:16] [INFO]: Test <shape=[32],scalar=1.000000,scale=10.000000>
[2023-10-02::18:45:50] [INFO]: Starting unit test...
[2023-10-02::18:45:50] [INFO]: Test <shape=[32],scalar=1.000000,scale=10.000000>
[2023-10-02::18:48:14] [INFO]: Starting unit test...
[2023-10-02::18:48:14] [INFO]: Test <shape=[32],scalar=1.000000,scale=10.000000>
[2023-10-02::18:48:54] [INFO]: Starting unit test...
[2023-10-02::18:48:54] [INFO]: Test <shape=[32],scalar=1.000000,scale=10.000000>
[2023-10-02::18:48:56] [INFO]: Succeeded building engine!
[2023-10-02::18:48:56] [INFO]: check:True, absDiff=0.000000, relDiff=0.000000
[2023-10-02::18:48:56] [INFO]: Test <shape=[32],scalar=1.000000,scale=10.000000> finish!

[2023-10-02::18:48:56] [INFO]: Test <shape=[32, 32],scalar=2.000000,scale=5.000000>
[2023-10-02::18:48:56] [INFO]: Succeeded building engine!
[2023-10-02::18:48:56] [INFO]: check:True, absDiff=0.000000, relDiff=0.000000
[2023-10-02::18:48:56] [INFO]: Test <shape=[32, 32],scalar=2.000000,scale=5.000000> finish!

[2023-10-02::18:48:56] [INFO]: Test <shape=[16, 16, 16],scalar=1.000000,scale=3.000000>
[2023-10-02::18:48:56] [INFO]: Succeeded building engine!
[2023-10-02::18:48:56] [INFO]: check:True, absDiff=0.000000, relDiff=0.000000
[2023-10-02::18:48:56] [INFO]: Test <shape=[16, 16, 16],scalar=1.000000,scale=3.000000> finish!

[2023-10-02::18:48:56] [INFO]: Test <shape=[8, 8, 8, 8],scalar=1.000000,scale=5.000000>
[2023-10-02::18:48:56] [INFO]: Succeeded building engine!
[2023-10-02::18:48:56] [INFO]: check:True, absDiff=0.000000, relDiff=0.000000
[2023-10-02::18:48:56] [INFO]: Test <shape=[8, 8, 8, 8],scalar=1.000000,scale=5.000000> finish!

[2023-10-02::18:48:56] [INFO]: All tests are passed
[2023-10-02::18:50:15] [INFO]: Starting unit test...
[2023-10-02::18:50:15] [INFO]: Test <shape=[32],scalar=1.000000,scale=10.000000>
[2023-10-02::18:50:16] [INFO]: Succeeded loading engine!
[2023-10-02::18:50:16] [INFO]: check:True, absDiff=0.000000, relDiff=0.000000
[2023-10-02::18:50:16] [INFO]: Test <shape=[32],scalar=1.000000,scale=10.000000> finish!

[2023-10-02::18:50:16] [INFO]: Test <shape=[32, 32],scalar=2.000000,scale=5.000000>
[2023-10-02::18:50:16] [INFO]: Succeeded loading engine!
[2023-10-02::18:50:16] [INFO]: check:True, absDiff=0.000000, relDiff=0.000000
[2023-10-02::18:50:16] [INFO]: Test <shape=[32, 32],scalar=2.000000,scale=5.000000> finish!

[2023-10-02::18:50:16] [INFO]: Test <shape=[16, 16, 16],scalar=1.000000,scale=3.000000>
[2023-10-02::18:50:16] [INFO]: Succeeded loading engine!
[2023-10-02::18:50:16] [INFO]: check:True, absDiff=0.000000, relDiff=0.000000
[2023-10-02::18:50:16] [INFO]: Test <shape=[16, 16, 16],scalar=1.000000,scale=3.000000> finish!

[2023-10-02::18:50:16] [INFO]: Test <shape=[8, 8, 8, 8],scalar=1.000000,scale=5.000000>
[2023-10-02::18:50:16] [INFO]: Succeeded loading engine!
[2023-10-02::18:50:16] [INFO]: check:True, absDiff=0.000000, relDiff=0.000000
[2023-10-02::18:50:16] [INFO]: Test <shape=[8, 8, 8, 8],scalar=1.000000,scale=5.000000> finish!

[2023-10-02::18:50:16] [INFO]: All tests are passed
[2023-10-02::18:51:13] [INFO]: Starting unit test...
[2023-10-02::18:51:13] [INFO]: Test <shape=[32],scalar=1.000000,scale=10.000000>
[2023-10-02::18:51:14] [INFO]: Succeeded loading engine!
[2023-10-02::18:51:14] [INFO]: check:True, absDiff=0.000000, relDiff=0.000000
[2023-10-02::18:51:14] [INFO]: Test <shape=[32],scalar=1.000000,scale=10.000000> finish!

[2023-10-02::18:51:14] [INFO]: Test <shape=[32, 32],scalar=2.000000,scale=5.000000>
[2023-10-02::18:51:14] [INFO]: Succeeded loading engine!
[2023-10-02::18:51:14] [INFO]: check:True, absDiff=0.000000, relDiff=0.000000
[2023-10-02::18:51:14] [INFO]: Test <shape=[32, 32],scalar=2.000000,scale=5.000000> finish!

[2023-10-02::18:51:14] [INFO]: Test <shape=[16, 16, 16],scalar=1.000000,scale=3.000000>
[2023-10-02::18:51:14] [INFO]: Succeeded loading engine!
[2023-10-02::18:51:14] [INFO]: check:True, absDiff=0.000000, relDiff=0.000000
[2023-10-02::18:51:14] [INFO]: Test <shape=[16, 16, 16],scalar=1.000000,scale=3.000000> finish!

[2023-10-02::18:51:14] [INFO]: Test <shape=[8, 8, 8, 8],scalar=1.000000,scale=5.000000>
[2023-10-02::18:51:14] [INFO]: Succeeded loading engine!
[2023-10-02::18:51:14] [INFO]: check:True, absDiff=0.000000, relDiff=0.000000
[2023-10-02::18:51:14] [INFO]: Test <shape=[8, 8, 8, 8],scalar=1.000000,scale=5.000000> finish!

[2023-10-02::18:51:14] [INFO]: All tests are passed
[2023-10-02::18:52:07] [INFO]: Starting unit test...
[2023-10-02::18:52:07] [INFO]: Test <shape=[32],scalar=1.000000,scale=10.000000>
[2023-10-02::18:52:08] [INFO]: Succeeded loading engine!
[2023-10-02::18:52:08] [INFO]: check:True, absDiff=0.000000, relDiff=0.000000
[2023-10-02::18:52:08] [INFO]: Test <shape=[32],scalar=1.000000,scale=10.000000> finish!

[2023-10-02::18:52:08] [INFO]: Test <shape=[32, 32],scalar=2.000000,scale=5.000000>
[2023-10-02::18:52:08] [INFO]: Succeeded loading engine!
[2023-10-02::18:52:08] [INFO]: check:True, absDiff=0.000000, relDiff=0.000000
[2023-10-02::18:52:08] [INFO]: Test <shape=[32, 32],scalar=2.000000,scale=5.000000> finish!

[2023-10-02::18:52:08] [INFO]: Test <shape=[16, 16, 16],scalar=1.000000,scale=3.000000>
[2023-10-02::18:52:08] [INFO]: Succeeded loading engine!
[2023-10-02::18:52:08] [INFO]: check:True, absDiff=0.000000, relDiff=0.000000
[2023-10-02::18:52:08] [INFO]: Test <shape=[16, 16, 16],scalar=1.000000,scale=3.000000> finish!

[2023-10-02::18:52:08] [INFO]: Test <shape=[8, 8, 8, 8],scalar=1.000000,scale=5.000000>
[2023-10-02::18:52:08] [INFO]: Succeeded loading engine!
[2023-10-02::18:52:08] [INFO]: check:True, absDiff=0.000000, relDiff=0.000000
[2023-10-02::18:52:08] [INFO]: Test <shape=[8, 8, 8, 8],scalar=1.000000,scale=5.000000> finish!

[2023-10-02::18:52:08] [INFO]: All tests are passed
[2023-10-02::19:03:52] [INFO]: Starting unit test...
[2023-10-02::19:03:52] [INFO]: Test <shape=[32],scalar=1.000000,scale=10.000000>
[2023-10-02::19:03:54] [INFO]: Succeeded building engine!
[2023-10-02::19:03:54] [INFO]: check:True, absDiff=0.000000, relDiff=0.000000
[2023-10-02::19:03:54] [INFO]: Test <shape=[32],scalar=1.000000,scale=10.000000> finish!

[2023-10-02::19:03:54] [INFO]: Test <shape=[32, 32],scalar=2.000000,scale=5.000000>
[2023-10-02::19:03:54] [INFO]: Succeeded building engine!
[2023-10-02::19:03:54] [INFO]: check:True, absDiff=0.000000, relDiff=0.000000
[2023-10-02::19:03:54] [INFO]: Test <shape=[32, 32],scalar=2.000000,scale=5.000000> finish!

[2023-10-02::19:03:54] [INFO]: Test <shape=[16, 16, 16],scalar=1.000000,scale=3.000000>
[2023-10-02::19:03:54] [INFO]: Succeeded building engine!
[2023-10-02::19:03:54] [INFO]: check:True, absDiff=0.000000, relDiff=0.000000
[2023-10-02::19:03:54] [INFO]: Test <shape=[16, 16, 16],scalar=1.000000,scale=3.000000> finish!

[2023-10-02::19:03:54] [INFO]: Test <shape=[8, 8, 8, 8],scalar=1.000000,scale=5.000000>
[2023-10-02::19:03:54] [INFO]: Succeeded building engine!
[2023-10-02::19:03:54] [INFO]: check:True, absDiff=0.000000, relDiff=0.000000
[2023-10-02::19:03:54] [INFO]: Test <shape=[8, 8, 8, 8],scalar=1.000000,scale=5.000000> finish!

[2023-10-02::19:03:54] [INFO]: All tests are passed
[2023-10-02::19:05:33] [INFO]: Starting unit test...
[2023-10-02::19:05:33] [INFO]: Test <shape=[33],scalar=1.000000,scale=10.000000>
[2023-10-02::19:05:37] [INFO]: Succeeded loading engine!
[2023-10-02::19:06:14] [INFO]: Starting unit test...
[2023-10-02::19:06:14] [INFO]: Test <shape=[33],scalar=1.000000,scale=10.000000>
[2023-10-02::19:06:16] [INFO]: Succeeded building engine!
[2023-10-02::19:06:45] [INFO]: Starting unit test...
[2023-10-02::19:06:45] [INFO]: Test <shape=[32],scalar=1.000000,scale=10.000000>
[2023-10-02::19:06:45] [INFO]: Succeeded loading engine!
[2023-10-02::19:06:45] [INFO]: check:True, absDiff=0.000000, relDiff=0.000000
[2023-10-02::19:06:45] [INFO]: Test <shape=[32],scalar=1.000000,scale=10.000000> finish!

[2023-10-02::19:06:45] [INFO]: Test <shape=[32, 32],scalar=2.000000,scale=5.000000>
[2023-10-02::19:06:47] [INFO]: Succeeded building engine!
[2023-10-02::19:06:47] [INFO]: check:True, absDiff=0.000000, relDiff=0.000000
[2023-10-02::19:06:47] [INFO]: Test <shape=[32, 32],scalar=2.000000,scale=5.000000> finish!

[2023-10-02::19:06:47] [INFO]: Test <shape=[16, 16, 16],scalar=1.000000,scale=3.000000>
[2023-10-02::19:06:47] [INFO]: Succeeded building engine!
[2023-10-02::19:06:47] [INFO]: check:True, absDiff=0.000000, relDiff=0.000000
[2023-10-02::19:06:47] [INFO]: Test <shape=[16, 16, 16],scalar=1.000000,scale=3.000000> finish!

[2023-10-02::19:06:47] [INFO]: Test <shape=[8, 8, 8, 8],scalar=1.000000,scale=5.000000>
[2023-10-02::19:06:47] [INFO]: Succeeded building engine!
[2023-10-02::19:06:47] [INFO]: check:True, absDiff=0.000000, relDiff=0.000000
[2023-10-02::19:06:47] [INFO]: Test <shape=[8, 8, 8, 8],scalar=1.000000,scale=5.000000> finish!

[2023-10-02::19:06:47] [INFO]: All tests are passed
[2023-10-02::19:08:08] [INFO]: Starting unit test...
[2023-10-02::19:08:08] [INFO]: Test <shape=[32],scalar=1.000000,scale=10.000000>
[2023-10-02::19:08:08] [INFO]: Succeeded loading engine!
[2023-10-02::19:15:02] [INFO]: Starting unit test...
[2023-10-02::19:15:02] [INFO]: Test <shape=[32],scalar=1.000000,scale=10.000000>
[2023-10-02::19:15:03] [INFO]: Succeeded loading engine!
[2023-10-02::19:15:19] [INFO]: Starting unit test...
[2023-10-02::19:15:19] [INFO]: Test <shape=[32],scalar=1.000000,scale=10.000000>
[2023-10-02::19:15:19] [INFO]: Succeeded loading engine!
[2023-10-02::19:15:19] [INFO]: check:False, absDiff=10388155270562679296111877438832640.000000, relDiff=990712349350988720915562205544448.000000
[2023-10-02::19:15:19] [ERROR]: Test <shape=[32],scalar=1.000000,scale=10.000000> failed!

[2023-10-02::19:17:53] [INFO]: Starting unit test...
[2023-10-02::19:17:53] [INFO]: Test <shape=[32],scalar=1.000000,scale=10.000000>
[2023-10-02::19:17:54] [INFO]: Succeeded loading engine!
[2023-10-02::19:20:42] [INFO]: Starting unit test...
[2023-10-02::19:20:42] [INFO]: Test <shape=[32],scalar=1.000000,scale=10.000000>
[2023-10-02::19:20:43] [INFO]: Succeeded loading engine!
[2023-10-02::19:20:43] [INFO]: check:True, absDiff=0.000000, relDiff=0.000000
[2023-10-02::19:20:43] [ERROR]: Test <shape=[32],scalar=1.000000,scale=10.000000> failed!

[2023-10-02::19:21:49] [INFO]: Starting unit test...
[2023-10-02::19:21:49] [INFO]: Test <shape=[32],scalar=1.000000,scale=10.000000>
[2023-10-02::19:21:49] [INFO]: Succeeded loading engine!
[2023-10-02::19:21:49] [INFO]: check:True, absDiff=0.000000, relDiff=0.000000
[2023-10-02::19:21:49] [ERROR]: Test <shape=[32],scalar=1.000000,scale=10.000000> failed!

[2023-10-02::19:22:07] [INFO]: Starting unit test...
[2023-10-02::19:22:07] [INFO]: Test <shape=[32],scalar=1.000000,scale=10.000000>
[2023-10-02::19:22:07] [INFO]: Succeeded loading engine!
[2023-10-02::19:22:23] [INFO]: check:True, absDiff=0.000000, relDiff=0.000000
[2023-10-02::19:23:05] [INFO]: Starting unit test...
[2023-10-02::19:23:05] [INFO]: Test <shape=[32],scalar=1.000000,scale=10.000000>
[2023-10-02::19:23:06] [INFO]: Succeeded loading engine!
[2023-10-02::19:23:06] [INFO]: check:True, absDiff=0.000000, relDiff=0.000000
[2023-10-02::19:23:06] [INFO]: Test <shape=[32],scalar=1.000000,scale=10.000000> finish!

[2023-10-02::19:23:06] [INFO]: Test <shape=[32, 32],scalar=2.000000,scale=5.000000>
[2023-10-02::19:23:06] [INFO]: Succeeded loading engine!
[2023-10-02::19:23:06] [INFO]: check:True, absDiff=0.000000, relDiff=0.000000
[2023-10-02::19:23:06] [INFO]: Test <shape=[32, 32],scalar=2.000000,scale=5.000000> finish!

[2023-10-02::19:23:06] [INFO]: Test <shape=[16, 16, 16],scalar=1.000000,scale=3.000000>
[2023-10-02::19:23:06] [INFO]: Succeeded loading engine!
[2023-10-02::19:23:06] [INFO]: check:True, absDiff=0.000000, relDiff=0.000000
[2023-10-02::19:23:06] [INFO]: Test <shape=[16, 16, 16],scalar=1.000000,scale=3.000000> finish!

[2023-10-02::19:23:06] [INFO]: Test <shape=[8, 8, 8, 8],scalar=1.000000,scale=5.000000>
[2023-10-02::19:23:06] [INFO]: Succeeded loading engine!
[2023-10-02::19:23:06] [INFO]: check:True, absDiff=0.000000, relDiff=0.000000
[2023-10-02::19:23:06] [INFO]: Test <shape=[8, 8, 8, 8],scalar=1.000000,scale=5.000000> finish!

[2023-10-02::19:23:06] [INFO]: All tests are passed!!
[2023-10-02::19:23:34] [INFO]: Starting unit test...
[2023-10-02::19:23:34] [INFO]: Test <shape=[32],scalar=1.000000,scale=10.000000>
[2023-10-02::19:23:36] [INFO]: Succeeded building engine!
[2023-10-02::19:23:36] [INFO]: check:True, absDiff=0.000000, relDiff=0.000000
[2023-10-02::19:23:36] [INFO]: Test <shape=[32],scalar=1.000000,scale=10.000000> finish!

[2023-10-02::19:23:36] [INFO]: Test <shape=[32, 32],scalar=2.000000,scale=5.000000>
[2023-10-02::19:23:36] [INFO]: Succeeded building engine!
[2023-10-02::19:23:36] [INFO]: check:True, absDiff=0.000000, relDiff=0.000000
[2023-10-02::19:23:36] [INFO]: Test <shape=[32, 32],scalar=2.000000,scale=5.000000> finish!

[2023-10-02::19:23:36] [INFO]: Test <shape=[16, 16, 16],scalar=1.000000,scale=3.000000>
[2023-10-02::19:23:36] [INFO]: Succeeded building engine!
[2023-10-02::19:23:36] [INFO]: check:True, absDiff=0.000000, relDiff=0.000000
[2023-10-02::19:23:36] [INFO]: Test <shape=[16, 16, 16],scalar=1.000000,scale=3.000000> finish!

[2023-10-02::19:23:36] [INFO]: Test <shape=[8, 8, 8, 8],scalar=1.000000,scale=5.000000>
[2023-10-02::19:23:36] [INFO]: Succeeded building engine!
[2023-10-02::19:23:36] [INFO]: check:True, absDiff=0.000000, relDiff=0.000000
[2023-10-02::19:23:36] [INFO]: Test <shape=[8, 8, 8, 8],scalar=1.000000,scale=5.000000> finish!

[2023-10-02::19:23:36] [INFO]: All tests are passed!!
[2023-10-02::19:24:07] [INFO]: Starting unit test...
[2023-10-02::19:24:07] [INFO]: Test <shape=[32],scalar=1.000000,scale=10.000000>
[2023-10-02::19:24:08] [INFO]: Succeeded loading engine!
[2023-10-02::19:24:08] [INFO]: check:True, absDiff=0.000000, relDiff=0.000000
[2023-10-02::19:24:08] [INFO]: Test <shape=[32],scalar=1.000000,scale=10.000000> finish!

[2023-10-02::19:24:08] [INFO]: Test <shape=[32, 32],scalar=2.000000,scale=5.000000>
[2023-10-02::19:24:08] [INFO]: Succeeded loading engine!
[2023-10-02::19:24:08] [INFO]: check:True, absDiff=0.000000, relDiff=0.000000
[2023-10-02::19:24:08] [INFO]: Test <shape=[32, 32],scalar=2.000000,scale=5.000000> finish!

[2023-10-02::19:24:08] [INFO]: Test <shape=[16, 16, 16],scalar=1.000000,scale=3.000000>
[2023-10-02::19:24:08] [INFO]: Succeeded loading engine!
[2023-10-02::19:24:08] [INFO]: check:True, absDiff=0.000000, relDiff=0.000000
[2023-10-02::19:24:08] [INFO]: Test <shape=[16, 16, 16],scalar=1.000000,scale=3.000000> finish!

[2023-10-02::19:24:08] [INFO]: Test <shape=[8, 8, 8, 8],scalar=1.000000,scale=5.000000>
[2023-10-02::19:24:08] [INFO]: Succeeded loading engine!
[2023-10-02::19:24:08] [INFO]: check:True, absDiff=0.000000, relDiff=0.000000
[2023-10-02::19:24:08] [INFO]: Test <shape=[8, 8, 8, 8],scalar=1.000000,scale=5.000000> finish!

[2023-10-02::19:24:08] [INFO]: All tests are passed!!
[2023-10-02::19:44:16] [INFO]: Starting unit test...
[2023-10-02::19:44:23] [INFO]: Test <shape=[32],scalar=1.000000,scale=10.000000>
[2023-10-02::19:47:41] [INFO]: Starting unit test...
[2023-10-02::19:47:41] [INFO]: Test customScalar:<shape=[32],scalar=1.000000,scale=10.000000>
[2023-10-02::19:47:42] [INFO]: Succeeded loading engine!
[2023-10-02::19:47:42] [INFO]: check:True, absDiff=0.000000, relDiff=0.000000
[2023-10-02::19:47:42] [INFO]: Test customScalar:<shape=[32],scalar=1.000000,scale=10.000000> finish!

[2023-10-02::19:47:42] [INFO]: Test customScalar:<shape=[32, 32],scalar=2.000000,scale=5.000000>
[2023-10-02::19:47:42] [INFO]: Succeeded loading engine!
[2023-10-02::19:47:42] [INFO]: check:True, absDiff=0.000000, relDiff=0.000000
[2023-10-02::19:47:42] [INFO]: Test customScalar:<shape=[32, 32],scalar=2.000000,scale=5.000000> finish!

[2023-10-02::19:47:42] [INFO]: Test customScalar:<shape=[16, 16, 16],scalar=1.000000,scale=3.000000>
[2023-10-02::19:47:42] [INFO]: Succeeded loading engine!
[2023-10-02::19:47:42] [INFO]: check:True, absDiff=0.000000, relDiff=0.000000
[2023-10-02::19:47:42] [INFO]: Test customScalar:<shape=[16, 16, 16],scalar=1.000000,scale=3.000000> finish!

[2023-10-02::19:47:42] [INFO]: Test customScalar:<shape=[8, 8, 8, 8],scalar=1.000000,scale=5.000000>
[2023-10-02::19:47:42] [INFO]: Succeeded loading engine!
[2023-10-02::19:47:42] [INFO]: check:True, absDiff=0.000000, relDiff=0.000000
[2023-10-02::19:47:42] [INFO]: Test customScalar:<shape=[8, 8, 8, 8],scalar=1.000000,scale=5.000000> finish!

[2023-10-02::19:47:42] [INFO]: All tests are passed!!
[2023-10-02::19:48:14] [INFO]: Starting unit test...
[2023-10-02::19:48:14] [INFO]: Test 'customScalar':<shape=[32],scalar=1.000000,scale=10.000000>
[2023-10-02::19:48:15] [INFO]: Succeeded loading engine!
[2023-10-02::19:48:15] [INFO]: check:True, absDiff=0.000000, relDiff=0.000000
[2023-10-02::19:48:15] [INFO]: Test 'customScalar':<shape=[32],scalar=1.000000,scale=10.000000> finish!

[2023-10-02::19:48:15] [INFO]: Test 'customScalar':<shape=[32, 32],scalar=2.000000,scale=5.000000>
[2023-10-02::19:48:15] [INFO]: Succeeded loading engine!
[2023-10-02::19:48:15] [INFO]: check:True, absDiff=0.000000, relDiff=0.000000
[2023-10-02::19:48:15] [INFO]: Test 'customScalar':<shape=[32, 32],scalar=2.000000,scale=5.000000> finish!

[2023-10-02::19:48:15] [INFO]: Test 'customScalar':<shape=[16, 16, 16],scalar=1.000000,scale=3.000000>
[2023-10-02::19:48:15] [INFO]: Succeeded loading engine!
[2023-10-02::19:48:15] [INFO]: check:True, absDiff=0.000000, relDiff=0.000000
[2023-10-02::19:48:15] [INFO]: Test 'customScalar':<shape=[16, 16, 16],scalar=1.000000,scale=3.000000> finish!

[2023-10-02::19:48:15] [INFO]: Test 'customScalar':<shape=[8, 8, 8, 8],scalar=1.000000,scale=5.000000>
[2023-10-02::19:48:15] [INFO]: Succeeded loading engine!
[2023-10-02::19:48:15] [INFO]: check:True, absDiff=0.000000, relDiff=0.000000
[2023-10-02::19:48:15] [INFO]: Test 'customScalar':<shape=[8, 8, 8, 8],scalar=1.000000,scale=5.000000> finish!

[2023-10-02::19:48:15] [INFO]: All tests are passed!!
[2023-10-02::19:58:15] [INFO]: Starting unit test...
[2023-10-02::19:58:58] [INFO]: Starting unit test...
[2023-10-02::19:58:58] [INFO]: Test 'customLeakyReLU':<shape=[32],alpha=0.010000>
[2023-10-02::19:59:00] [INFO]: Succeeded building engine!
[2023-10-02::20:00:20] [INFO]: Starting unit test...
[2023-10-02::20:00:20] [INFO]: Test 'customLeakyReLU':<shape=[32],alpha=0.010000>
[2023-10-02::20:00:21] [INFO]: Succeeded loading engine!
[2023-10-02::20:00:21] [INFO]: check:False, absDiff=0.551240, relDiff=1.321816
[2023-10-02::20:00:21] [ERROR]: Test 'customLeakyReLU':<shape=[32],alpha=0.010000> failed!

[2023-10-02::20:01:33] [INFO]: Starting unit test...
[2023-10-02::20:01:33] [INFO]: Test 'customLeakyReLU':<shape=[32],alpha=0.010000>
[2023-10-02::20:01:34] [INFO]: Succeeded loading engine!
[2023-10-02::20:03:40] [INFO]: Starting unit test...
[2023-10-02::20:03:40] [INFO]: Test 'customLeakyReLU':<shape=[32],alpha=0.010000>
[2023-10-02::20:03:40] [INFO]: Succeeded loading engine!
[2023-10-02::20:03:54] [INFO]: check:False, absDiff=0.551240, relDiff=1.321816
[2023-10-02::20:04:03] [ERROR]: Test 'customLeakyReLU':<shape=[32],alpha=0.010000> failed!

[2023-10-02::20:04:07] [INFO]: Starting unit test...
[2023-10-02::20:04:07] [INFO]: Test 'customLeakyReLU':<shape=[32],alpha=0.010000>
[2023-10-02::20:04:08] [INFO]: Succeeded loading engine!
[2023-10-02::20:05:21] [INFO]: Starting unit test...
[2023-10-02::20:05:21] [INFO]: Test 'customLeakyReLU':<shape=[32],alpha=0.010000>
[2023-10-02::20:05:22] [INFO]: Succeeded loading engine!
[2023-10-02::20:05:22] [INFO]: check:True, absDiff=0.000000, relDiff=0.000000
[2023-10-02::20:05:22] [INFO]: Test 'customLeakyReLU':<shape=[32],alpha=0.010000> finish!

[2023-10-02::20:05:22] [INFO]: Test 'customLeakyReLU':<shape=[32, 32],alpha=0.040000>
[2023-10-02::20:05:23] [INFO]: Succeeded building engine!
[2023-10-02::20:05:23] [INFO]: check:True, absDiff=0.000000, relDiff=0.000000
[2023-10-02::20:05:23] [INFO]: Test 'customLeakyReLU':<shape=[32, 32],alpha=0.040000> finish!

[2023-10-02::20:05:23] [INFO]: Test 'customLeakyReLU':<shape=[16, 16, 16],alpha=0.020000>
[2023-10-02::20:05:23] [INFO]: Succeeded building engine!
[2023-10-02::20:05:23] [INFO]: check:True, absDiff=0.000000, relDiff=0.000000
[2023-10-02::20:05:23] [INFO]: Test 'customLeakyReLU':<shape=[16, 16, 16],alpha=0.020000> finish!

[2023-10-02::20:05:23] [INFO]: Test 'customLeakyReLU':<shape=[8, 8, 8, 8],alpha=0.100000>
[2023-10-02::20:05:23] [INFO]: Succeeded building engine!
[2023-10-02::20:05:23] [INFO]: check:True, absDiff=0.000000, relDiff=0.000000
[2023-10-02::20:05:23] [INFO]: Test 'customLeakyReLU':<shape=[8, 8, 8, 8],alpha=0.100000> finish!

[2023-10-02::20:05:23] [INFO]: All tests are passed!!
[2023-10-02::20:07:25] [INFO]: Starting unit test...
[2023-10-02::20:07:25] [INFO]: Test 'customLeakyReLU':<shape=[32],alpha=0.010000>
[2023-10-02::20:07:25] [INFO]: Succeeded loading engine!
[2023-10-02::20:07:25] [INFO]: check:True, absDiff=0.000000, relDiff=0.000000
[2023-10-02::20:07:25] [INFO]: Test 'customLeakyReLU':<shape=[32],alpha=0.010000> finish!

[2023-10-02::20:07:25] [INFO]: Test 'customLeakyReLU':<shape=[32, 32],alpha=0.040000>
[2023-10-02::20:07:25] [INFO]: Succeeded loading engine!
[2023-10-02::20:07:25] [INFO]: check:True, absDiff=0.000000, relDiff=0.000000
[2023-10-02::20:07:25] [INFO]: Test 'customLeakyReLU':<shape=[32, 32],alpha=0.040000> finish!

[2023-10-02::20:07:25] [INFO]: Test 'customLeakyReLU':<shape=[16, 16, 16],alpha=0.020000>
[2023-10-02::20:07:25] [INFO]: Succeeded loading engine!
[2023-10-02::20:07:25] [INFO]: check:True, absDiff=0.000000, relDiff=0.000000
[2023-10-02::20:07:25] [INFO]: Test 'customLeakyReLU':<shape=[16, 16, 16],alpha=0.020000> finish!

[2023-10-02::20:07:25] [INFO]: Test 'customLeakyReLU':<shape=[8, 8, 8, 8],alpha=0.100000>
[2023-10-02::20:07:25] [INFO]: Succeeded loading engine!
[2023-10-02::20:07:25] [INFO]: check:True, absDiff=0.000000, relDiff=0.000000
[2023-10-02::20:07:25] [INFO]: Test 'customLeakyReLU':<shape=[8, 8, 8, 8],alpha=0.100000> finish!

[2023-10-02::20:07:25] [INFO]: All tests are passed!!
[2023-10-04::09:10:25] [INFO]: Starting unit test...
[2023-10-04::09:10:25] [INFO]: Test 'customScalar':<shape=[32],scalar=1.000000,scale=10.000000>
[2023-10-04::09:10:30] [INFO]: Succeeded building engine!
[2023-10-04::09:11:01] [INFO]: Starting unit test...
[2023-10-04::09:11:01] [INFO]: Test 'customScalar':<shape=[32],scalar=1.000000,scale=10.000000>
[2023-10-04::09:11:05] [INFO]: Succeeded building engine!
[2023-10-04::09:12:21] [INFO]: Starting unit test...
[2023-10-04::09:12:21] [INFO]: Test 'customScalar':<shape=[32],scalar=1.000000,scale=10.000000>
[2023-10-04::09:12:22] [INFO]: Succeeded loading engine!
[2023-10-04::09:12:22] [INFO]: check:True, absDiff=0.000000, relDiff=0.000000
[2023-10-04::09:12:22] [INFO]: Test 'customScalar':<shape=[32],scalar=1.000000,scale=10.000000> finish!

[2023-10-04::09:12:22] [INFO]: Test 'customScalar':<shape=[32, 32],scalar=2.000000,scale=5.000000>
[2023-10-04::09:12:25] [INFO]: Succeeded building engine!
[2023-10-04::09:12:25] [INFO]: check:True, absDiff=0.000000, relDiff=0.000000
[2023-10-04::09:12:25] [INFO]: Test 'customScalar':<shape=[32, 32],scalar=2.000000,scale=5.000000> finish!

[2023-10-04::09:12:25] [INFO]: Test 'customScalar':<shape=[16, 16, 16],scalar=1.000000,scale=3.000000>
[2023-10-04::09:12:25] [INFO]: Succeeded building engine!
[2023-10-04::09:12:25] [INFO]: check:True, absDiff=0.000000, relDiff=0.000000
[2023-10-04::09:12:25] [INFO]: Test 'customScalar':<shape=[16, 16, 16],scalar=1.000000,scale=3.000000> finish!

[2023-10-04::09:12:25] [INFO]: Test 'customScalar':<shape=[8, 8, 8, 8],scalar=1.000000,scale=5.000000>
[2023-10-04::09:12:25] [INFO]: Succeeded building engine!
[2023-10-04::09:12:25] [INFO]: check:True, absDiff=0.000000, relDiff=0.000000
[2023-10-04::09:12:25] [INFO]: Test 'customScalar':<shape=[8, 8, 8, 8],scalar=1.000000,scale=5.000000> finish!

[2023-10-04::09:12:25] [INFO]: All tests are passed!!
[2023-10-07::15:37:52] [INFO]: Starting unit test...
[2023-10-07::15:38:01] [INFO]: Starting unit test...
[2023-10-07::15:38:43] [INFO]: Starting unit test...
[2023-10-07::15:39:58] [INFO]: Starting unit test...
[2023-10-07::15:42:07] [INFO]: Starting unit test...
[2023-10-07::15:42:50] [INFO]: Starting unit test...
